AMO/Library/Bee/Android/Prj/IL2CPP/Gradle/unityLibrary/build/intermediates/manifest_merge_blame_file/release/manifest-merger-blame-release-report.txt
1<?xml version="1.0" encoding="utf-8"?>
2<manifest xmlns:android="http://schemas.android.com/apk/res/android"
3    xmlns:tools="http://schemas.android.com/tools"
4    package="com.unity3d.player" >
5
6    <uses-sdk
7        android:minSdkVersion="26"
7-->src\main\AndroidManifest.xml
8        android:targetSdkVersion="32" />
8-->src\main\AndroidManifest.xml
9
10    <uses-permission android:name="android.permission.INTERNET" />
10-->src\main\AndroidManifest.xml:3:3-65
10-->src\main\AndroidManifest.xml:3:20-62
11    <uses-permission android:name="android.permission.CAMERA" />
11-->src\main\AndroidManifest.xml:4:3-63
11-->src\main\AndroidManifest.xml:4:20-60
12    <uses-permission android:name="android.permission.READ_EXTERNAL_STORAGE" />
12-->src\main\AndroidManifest.xml:5:3-78
12-->src\main\AndroidManifest.xml:5:20-75
13    <uses-permission android:name="android.permission.WRITE_EXTERNAL_STORAGE" />
13-->src\main\AndroidManifest.xml:6:3-79
13-->src\main\AndroidManifest.xml:6:20-76
14    <uses-permission android:name="android.permission.ACCESS_FINE_LOCATION" />
14-->src\main\AndroidManifest.xml:7:3-77
14-->src\main\AndroidManifest.xml:7:20-74
15    <uses-permission android:name="android.permission.ACCESS_COARSE_LOCATION" />
15-->src\main\AndroidManifest.xml:8:3-79
15-->src\main\AndroidManifest.xml:8:20-76
16    <uses-permission android:name="android.permission.QUERY_ALL_PACKAGES" />
16-->src\main\AndroidManifest.xml:9:3-75
16-->src\main\AndroidManifest.xml:9:20-72
17    <uses-permission android:name="android.permission.BLUETOOTH_ADMIN" />
17-->src\main\AndroidManifest.xml:10:3-72
17-->src\main\AndroidManifest.xml:10:20-69
18
19    <uses-feature
19-->src\main\AndroidManifest.xml:11:3-83
20        android:name="android.hardware.camera"
20-->src\main\AndroidManifest.xml:11:17-55
21        android:required="false" />
21-->src\main\AndroidManifest.xml:11:56-80
22    <uses-feature android:glEsVersion="0x00030000" />
22-->src\main\AndroidManifest.xml:12:3-52
22-->src\main\AndroidManifest.xml:12:17-49
23    <uses-feature
23-->src\main\AndroidManifest.xml:13:3-93
24        android:name="android.hardware.camera.autofocus"
24-->src\main\AndroidManifest.xml:13:17-65
25        android:required="false" />
25-->src\main\AndroidManifest.xml:13:66-90
26    <uses-feature
26-->src\main\AndroidManifest.xml:14:3-89
27        android:name="android.hardware.camera.front"
27-->src\main\AndroidManifest.xml:14:17-61
28        android:required="false" />
28-->src\main\AndroidManifest.xml:14:62-86
29    <uses-feature
29-->src\main\AndroidManifest.xml:15:3-88
30        android:name="android.hardware.touchscreen"
30-->src\main\AndroidManifest.xml:15:17-60
31        android:required="false" />
31-->src\main\AndroidManifest.xml:15:61-85
32    <uses-feature
32-->src\main\AndroidManifest.xml:16:3-99
33        android:name="android.hardware.touchscreen.multitouch"
33-->src\main\AndroidManifest.xml:16:17-71
34        android:required="false" />
34-->src\main\AndroidManifest.xml:16:72-96
35    <uses-feature
35-->src\main\AndroidManifest.xml:17:3-108
36        android:name="android.hardware.touchscreen.multitouch.distinct"
36-->src\main\AndroidManifest.xml:17:17-80
37        android:required="false" />
37-->src\main\AndroidManifest.xml:17:81-105
38
39    <application android:extractNativeLibs="true" >
39-->src\main\AndroidManifest.xml:18:3-36:17
39-->src\main\AndroidManifest.xml:18:16-48
40        <meta-data
40-->src\main\AndroidManifest.xml:19:5-77
41            android:name="com.google.ar.core"
41-->src\main\AndroidManifest.xml:19:16-49
42            android:value="optional" />
42-->src\main\AndroidManifest.xml:19:50-74
43        <meta-data
43-->src\main\AndroidManifest.xml:20:5-64
44            android:name="nreal_sdk"
44-->src\main\AndroidManifest.xml:20:16-40
45            android:value="true" />
45-->src\main\AndroidManifest.xml:20:41-61
46        <meta-data
46-->src\main\AndroidManifest.xml:21:5-94
47            android:name="com.nreal.supportDevices"
47-->src\main\AndroidManifest.xml:21:16-55
48            android:value="NrealLight|NrealAir" />
48-->src\main\AndroidManifest.xml:21:56-91
49        <meta-data
49-->src\main\AndroidManifest.xml:22:5-69
50            android:name="unity.splash-mode"
50-->src\main\AndroidManifest.xml:22:16-48
51            android:value="0" />
51-->src\main\AndroidManifest.xml:22:49-66
52        <meta-data
52-->src\main\AndroidManifest.xml:23:5-74
53            android:name="unity.splash-enable"
53-->src\main\AndroidManifest.xml:23:16-50
54            android:value="True" />
54-->src\main\AndroidManifest.xml:23:51-71
55        <meta-data
55-->src\main\AndroidManifest.xml:24:5-78
56            android:name="unity.launch-fullscreen"
56-->src\main\AndroidManifest.xml:24:16-54
57            android:value="True" />
57-->src\main\AndroidManifest.xml:24:55-75
58        <meta-data
58-->src\main\AndroidManifest.xml:25:5-84
59            android:name="unity.render-outside-safearea"
59-->src\main\AndroidManifest.xml:25:16-60
60            android:value="True" />
60-->src\main\AndroidManifest.xml:25:61-81
61        <meta-data
61-->src\main\AndroidManifest.xml:26:5-81
62            android:name="notch.config"
62-->src\main\AndroidManifest.xml:26:16-43
63            android:value="portrait|landscape" />
63-->src\main\AndroidManifest.xml:26:44-78
64        <meta-data
64-->src\main\AndroidManifest.xml:27:5-84
65            android:name="unity.auto-report-fully-drawn"
65-->src\main\AndroidManifest.xml:27:16-60
66            android:value="true" />
66-->src\main\AndroidManifest.xml:27:61-81
67
68        <activity
68-->src\main\AndroidManifest.xml:28:5-35:16
69            android:name="com.unity3d.player.UnityPlayerActivity"
69-->src\main\AndroidManifest.xml:28:15-68
70            android:configChanges="mcc|mnc|locale|touchscreen|keyboard|keyboardHidden|navigation|orientation|screenLayout|uiMode|screenSize|smallestScreenSize|fontScale|layoutDirection|density"
70-->src\main\AndroidManifest.xml:28:180-361
71            android:exported="true"
71-->src\main\AndroidManifest.xml:28:433-456
72            android:hardwareAccelerated="false"
72-->src\main\AndroidManifest.xml:28:397-432
73            android:launchMode="singleTask"
73-->src\main\AndroidManifest.xml:28:148-179
74            android:resizeableActivity="false"
74-->src\main\AndroidManifest.xml:28:362-396
75            android:screenOrientation="fullUser"
75-->src\main\AndroidManifest.xml:28:111-147
76            android:theme="@style/UnityThemeSelector" >
76-->src\main\AndroidManifest.xml:28:69-110
77            <intent-filter>
77-->src\main\AndroidManifest.xml:29:7-32:23
78                <category android:name="android.intent.category.LAUNCHER" />
78-->src\main\AndroidManifest.xml:30:9-69
78-->src\main\AndroidManifest.xml:30:19-66
79
80                <action android:name="android.intent.action.MAIN" />
80-->src\main\AndroidManifest.xml:31:9-61
80-->src\main\AndroidManifest.xml:31:17-58
81            </intent-filter>
82
83            <meta-data
83-->src\main\AndroidManifest.xml:33:7-82
84                android:name="unityplayer.UnityActivity"
84-->src\main\AndroidManifest.xml:33:18-58
85                android:value="true" />
85-->src\main\AndroidManifest.xml:33:59-79
86            <meta-data
86-->src\main\AndroidManifest.xml:34:7-70
87                android:name="notch_support"
87-->src\main\AndroidManifest.xml:34:18-46
88                android:value="true" />
88-->src\main\AndroidManifest.xml:34:47-67
89        </activity>
90    </application>
91
92</manifest>